4.99402e-06 1.27374e-08
1.498235e-05 3.43921e-07
2.497065e-05 1.59224e-06
3.495895e-05 4.36911e-06
4.494725e-05 9.28596e-06
5.49355e-05 1.69542e-05
6.4924e-05 2.79853e-05
7.4912e-05 4.29906e-05
8.49005e-05 6.25816e-05
9.4889e-05 8.73698e-05
0.000104877 0.000117966
0.0001148655 0.000154983
0.0001248535 0.000462564
0.000134842 0.000789468
0.0001448305 0.00108139
0.0001548185 0.00138018
0.000164807 0.00240985
0.0001747955 0.00238415
0.0001847835 0.00282536
0.000194772 0.00331639
0.00020476 0.00385046
0.0002147485 0.00442077
0.000224737 0.00502053
0.000234725 0.00815377
0.0002447135 0.0103436
0.0002547015 0.0124534
0.00026469 0.0146931
0.0002746785 0.0181237
0.0002846665 0.0216089
0.000294655 0.0253336
0.0003046435 0.0291719
0.0003146315 0.0331154
0.00032462 0.0592174
0.000334608 0.0563522
0.0003445965 0.0587324
0.000354585 0.0619863
0.000364573 0.0657785
0.0003745615 0.0700057
0.0003845495 0.0744589
0.000394538 0.0790242
0.0004045265 0.0928243
0.0004145145 0.104484
0.000424503 0.109163
0.0004344915 0.114209
0.0004444795 0.119781
0.000454468 0.121918
0.000464456 0.13131
0.0004744445 0.152883
0.000484433 0.172117
0.000494421 0.191225
0.00050441 0.174282
0.0005144 0.181409
0.000524385 0.190303
0.000534375 0.194718
0.000544365 0.199392
0.00055435 0.204779
0.00056434 0.213648
0.00057433 0.218532
0.000584315 0.217745
0.000594305 0.21388
0.00060429 0.21551
0.00061428 0.227056
0.00062427 0.222308
0.000634255 0.221308
0.000644245 0.222446
0.000654235 0.224552
0.00066422 0.227516
0.00067421 0.229131
0.0006842 0.232777
0.000694185 0.236328
0.000704175 0.239202
0.000714165 0.240816
0.00072415 0.244499
0.00073414 0.248602
0.00074413 0.255191
0.000754115 0.259657
0.000764105 0.264151
0.000774095 0.270575
0.00078408 0.277267
0.00079407 0.295658
0.00080406 0.317007
0.000814045 0.33775
0.000824035 0.381701
0.000834025 0.495103
0.00084401 0.478797
0.000854 0.461204
0.00086399 0.437133
0.000873975 0.41943
0.000883965 0.403636
0.000893955 0.386958
0.00090394 0.372906
0.00091393 0.357045
0.00092392 0.340633
0.000933905 0.327698
0.000943895 0.319574
0.000953885 0.313108
0.00096387 0.294421
0.00097386 0.277651
0.00098385 0.231707
0.000993835 0.201
0.001003825 0.180706
0.001013815 0.166283
0.0010238 0.157675
0.00103379 0.14534
0.00104378 0.137132
0.001053765 0.124878
0.001063755 0.11702
0.001073745 0.104782
0.00108373 0.0945052
0.00109372 0.0571298
0.00110371 0.0382577
0.001113695 0.0401742
0.001123685 0.0542407
0.001133675 0.0718481
0.00114366 0.0917215
0.00115365 0.109274
0.00116364 0.11909
0.001173625 0.13012
0.001183615 0.141229
0.001193605 0.153442
0.00120359 0.166955
0.00121358 0.189321
0.00122357 0.243024
0.001233555 0.244404
0.001243545 0.237359
0.00125353 0.200991
0.00126352 0.121634
0.00127351 0.0859078
0.001283495 0.0546614
0.001293485 0.0270886
0.001303475 0.000112783
0.00131346 0.0
0.00132345 0.0
0.00133344 0.0
0.001343425 0.0
0.001353415 0.0
0.001363405 0.0
0.00137339 0.0
0.00138338 0.0
0.00139337 0.0
0.001403355 0.0
0.001413345 0.0
0.001423335 0.0
0.00143332 0.0
0.00144331 0.0
0.0014533 0.0
0.001463285 0.0
0.001473275 0.0
0.001483265 0.0
0.00149325 0.0
0.00150324 0.0
0.00151323 0.0
0.001523215 0.0
0.001533205 0.0
0.001543195 0.0
0.00155318 0.0
0.00156317 0.0
0.00157316 0.0
0.001583145 0.0
0.001593135 0.0
0.001603125 0.0
0.00161311 0.0
0.0016231 0.0
0.00163309 0.0
0.001643075 0.0
0.001653065 0.0
0.001663055 0.0
0.00167304 0.0
0.00168303 0.0
0.00169302 0.0
0.001703005 0.0
0.001712995 0.0
0.001722985 0.0
0.00173297 0.0151133
0.00174296 0.0434432
0.00175295 0.0756057
0.001762935 0.091499
0.001772925 0.10754
0.001782915 0.123726
0.0017929 0.140056
0.00180289 0.156567
0.00181288 0.173753
0.001822865 0.191842
0.001832855 0.210918
0.001842845 0.230792
0.00185283 0.251608
0.00186282 0.262467
0.00187281 0.258781
0.001882795 0.26966
0.001892785 0.283069
0.00190277 0.297662
0.00191276 0.312064
0.00192275 0.326967
0.001932735 0.344664
0.001942725 0.36509
0.001952715 0.386697
0.0019627 0.419501
0.00197269 0.462088
0.00198268 0.510481
0.001992665 0.558701
0.002002655 0.607917
0.002012645 0.654159
0.00202263 0.699654
0.00203262 0.748282
0.00204261 0.804547
0.002052595 0.868033
0.002062585 0.926853
0.002072575 0.988993
0.00208256 1.03665
0.00209255 1.09121
0.00210254 1.12181
0.002112525 1.12532
0.002122515 1.11949
0.002132505 1.10743
0.00214249 1.09079
0.00215248 1.06583
0.00216247 1.02546
0.002172455 0.967488
0.002182445 0.951107
0.002192435 0.943205
0.00220242 0.938016
0.00221241 0.934979
0.0022224 0.9338
0.002232385 0.934592
0.002242375 0.937069
0.002252365 0.941128
0.00226235 0.948524
0.00227234 0.952035
0.00228233 0.956452
0.002292315 0.968275
0.002302305 0.982214
0.002312295 0.997448
0.00232228 1.01388
0.00233227 1.0315
0.00234226 1.05051
0.002352245 1.07107
0.002362235 1.09432
0.002372225 1.1267
0.00238221 1.16987
0.0023922 1.20593
0.00240219 1.25059
0.002412175 1.31141
0.002422165 1.37871
0.002432155 1.45766
0.00244214 1.58013
0.00245213 2.03055
0.00246212 2.41459
0.002472105 2.25604
0.002482095 2.2066
0.002492085 2.21022
0.00250207 2.20025
0.00251206 2.22061
0.00252205 2.21004
0.002532035 2.17383
0.002542025 2.11077
0.00255201 2.08109
0.002562 2.06056
0.00257199 2.05058
0.002581975 2.04202
0.002591965 2.09027
0.002601955 1.99456
0.00261194 1.97159
0.00262193 1.94862
0.00263192 1.95585
0.002641905 1.95899
0.002651895 1.92686
0.002661885 1.85034
0.00267187 1.77685
0.00268186 1.69191
0.00269185 1.6032
0.002701835 1.51947
0.002711825 1.47404
0.002721815 1.48342
0.0027318 1.48121
0.00274179 1.48469
0.00275178 1.4731
0.002761765 1.45714
0.002771755 1.45619
0.002781745 1.4603
0.00279173 1.4691
0.00280172 1.50663
0.00281171 1.58737
0.002821695 1.67666
0.002831685 1.72977
0.002841675 1.73798
0.00285166 1.71893
0.00286165 1.67337
0.00287164 1.62212
0.002881625 1.56429
0.002891615 1.52061
0.002901605 1.45677
0.00291159 1.40237
0.00292158 1.35308
0.00293157 1.30985
0.002941555 1.27038
0.002951545 1.23622
0.002961535 1.20154
0.00297152 1.16924
0.00298151 1.13831
0.0029915 1.1085
0.003001485 1.07992
0.003011475 1.05418
0.003021465 1.03048
0.00303145 1.0095
0.00304144 0.990857
0.00305143 0.961156
0.003061415 0.931565
0.003071405 0.906406
0.003081395 0.885648
0.00309138 0.863814
0.00310137 0.845566
0.00311136 0.828323
0.003121345 0.809457
0.003131335 0.790052
0.003141325 0.772112
0.00315131 0.759393
0.0031613 0.74607
0.00317129 0.733668
0.003181275 0.720778
0.003191265 0.694892
0.003201255 0.670574
0.00321124 0.648131
0.00322123 0.631803
0.003231215 0.620742
0.003241205 0.617163
0.003251195 0.617323
0.00326118 0.627371
0.00327117 0.62645
0.00328116 0.6261
0.003291145 0.628471
0.003301135 0.633985
0.003311125 0.641287
0.00332111 0.660948
0.0033311 0.667927
0.00334109 0.673091
0.003351075 0.677087
0.003361065 0.684036
0.003371055 0.690715
0.00338104 0.701382
0.00339103 0.719521
0.00340102 0.74218
0.003411005 0.769038
0.003420995 0.775691
0.003430985 0.763693
0.00344097 0.754854
0.00345096 0.744326
0.00346095 0.732927
0.003470935 0.722774
0.003480925 0.710544
0.003490915 0.688095
0.0035009 0.664999
0.00351089 0.681189
0.00352088 0.684149
0.003530865 0.70137
0.003540855 0.711712
0.003550845 0.736038
0.00356083 0.757098
0.00357082 0.754521
0.00358081 0.770513
0.003590795 0.822492
0.003600785 0.905219
0.003610775 0.983943
0.00362076 1.06201
0.00363075 1.15116
0.00364074 1.20185
0.003650725 1.17381
0.003660715 1.13245
0.003670705 1.07724
0.00368069 1.03239
0.00369068 0.953657
0.00370067 0.936959
0.003710655 0.9723
0.003720645 0.899382
0.003730635 0.853995
0.00374062 0.799037
0.00375061 0.730499
0.0037606 0.716087
0.003770585 0.74993
0.003780575 0.826184
0.003790565 0.836213
0.00380055 0.814845
0.00381054 0.812789
0.00382053 0.847611
0.003830515 0.894596
0.003840505 0.936235
0.003850495 0.973501
0.00386048 1.01069
0.00387047 1.05673
0.003880455 1.09234
0.003890445 1.13056
0.003900435 1.14056
0.00391042 1.09835
0.00392041 1.0281
0.0039304 0.976719
0.003940385 0.939782
0.003950375 0.893371
0.003960365 0.861506
0.00397035 0.830869
0.00398034 0.805457
0.00399033 0.70994
0.004000315 0.688256
0.004010305 0.682368
0.004020295 0.683749
0.00403028 0.691479
0.00404027 0.701794
0.00405026 0.707921
0.004060245 0.724724
0.004070235 0.742843
0.004080225 0.765696
0.00409021 0.795005
0.0041002 0.821178
0.00411019 0.840013
0.004120175 0.856225
0.004130165 0.828937
0.004140155 0.752535
0.00415014 0.714752
0.00416013 0.712707
0.00417012 0.737617
0.004180105 0.732928
0.004190095 0.680577
0.004200085 0.588108
0.00421007 0.544077
0.00422006 0.51043
0.00423005 0.495229
0.004240035 0.486716
0.004250025 0.493105
0.004260015 0.520256
0.00427 0.522693
0.00427999 0.538672
0.00428998 0.558643
0.004299965 0.582748
0.004309955 0.600769
0.004319945 0.655704
0.00432993 0.775282
0.00433992 0.770695
0.00434991 0.759552
0.004359895 0.758747
0.004369885 0.78916
0.004379875 0.84902
0.00438986 0.870602
0.00439985 0.884643
0.00440984 0.933086
0.004419825 0.948797
0.004429815 0.959126
0.004439805 1.03627
0.00444979 1.02897
0.00445978 0.996062
0.00446977 0.952681
0.004479755 0.937973
0.004489745 0.932836
0.004499735 0.965545
0.00450972 0.923578
0.00451971 0.9162
0.004529695 0.919377
0.004539685 0.928743
0.004549675 0.849664
0.00455966 0.823889
0.00456965 0.809948
0.00457964 0.796797
0.004589625 0.813524
0.004599615 0.861377
0.004609605 1.09667
0.00461959 0.88132
0.00462958 0.711022
0.00463957 0.558927
0.004649555 0.482488
0.004659545 0.432925
0.004669535 0.400324
0.00467952 0.38138
0.00468951 0.381565
0.0046995 0.372715
0.004709485 0.346426
0.004719475 0.324186
0.004729465 0.302532
0.00473945 0.28362
0.00474944 0.271535
0.00475943 0.263534
0.004769415 0.258507
0.004779405 0.256558
0.004789395 0.260021
0.00479938 0.254899
0.00480937 0.242181
0.00481936 0.240255
0.004829345 0.24059
0.004839335 0.244282
0.004849325 0.251191
0.00485931 0.269232
0.0048693 0.259046
0.00487929 0.251417
0.004889275 0.251114
0.004899265 0.251205
0.004909255 0.252561
0.00491924 0.255057
0.00492923 0.254467
0.00493922 0.256084
0.004949205 0.257725
0.004959195 0.258179
0.004969185 0.257186
0.00497917 0.259578
0.00498916 0.263281
0.00499915 0.27054
0.00500915 0.279396
0.0050191 0.293997
0.0050291 0.312236
0.0050391 0.333718
0.0050491 0.355132
0.0050591 0.38784
0.00506905 0.414331
0.00507905 0.455932
0.00508905 0.502231
0.00509905 0.530776
0.005109 0.568662
0.005119 0.605337
0.005129 0.646172
0.005139 0.761895
0.00514895 0.836818
0.00515895 0.957151
0.00516895 1.13383
0.00517895 1.10963
0.00518895 1.04787
0.0051989 1.05125
0.0052089 1.09309
0.0052189 1.08767
0.0052289 0.973791
0.00523885 0.97251
0.00524885 1.0623
0.00525885 1.3335
0.00526885 1.56518
0.0052788 1.83897
0.0052888 1.5559
0.0052988 1.27748
0.0053088 1.09882
0.00531875 0.988678
0.00532875 0.925596
0.00533875 0.863895
0.00534875 0.885797
0.00535875 0.928866
0.0053687 0.989752
0.0053787 0.581808
0.0053887 0.368155
0.0053987 0.431139
0.00540865 0.4033
0.00541865 0.364638
0.00542865 0.407744
0.00543865 0.488659
0.0054486 0.502793
0.0054586 0.622086
0.0054686 0.654936
0.0054786 0.664266
0.00548855 0.638581
0.00549855 0.625072
0.00550855 0.639126
0.00551855 0.637002
0.00552855 0.609924
0.0055385 0.61588
0.0055485 0.62971
0.0055585 0.63498
0.0055685 0.641552
0.00557845 0.658379
0.00558845 0.644976
0.00559845 0.652393
0.00560845 0.649189
0.0056184 0.653769
0.0056284 0.666878
0.0056384 0.674301
0.0056484 0.688465
0.0056584 0.706269
0.00566835 0.731077
0.00567835 0.744366
0.00568835 0.747716
0.00569835 0.765941
0.0057083 0.792318
0.0057183 0.832285
0.0057283 0.865652
0.0057383 0.918152
0.00574825 1.02151
0.00575825 1.02324
0.00576825 1.00579
0.00577825 1.01853
0.0057882 1.06087
0.0057982 1.16984
0.0058082 1.22294
0.0058182 1.30491
0.0058282 1.40071
0.00583815 1.34942
0.00584815 1.12248
0.00585815 1.03965
0.00586815 1.12711
0.0058781 1.24644
0.0058881 1.48767
0.0058981 1.54226
0.0059081 1.56488
0.00591805 1.70103
0.00592805 1.80588
0.00593805 1.62126
0.00594805 1.46399
0.00595805 1.36309
0.005968 1.26578
0.005978 1.1974
0.005988 1.09459
0.005998 0.996779
0.00600795 0.980287
0.00601795 1.05455
0.00602795 1.15884
0.00603795 1.15621
0.0060479 1.0874
0.0060579 1.15327
0.0060679 1.235
0.0060779 1.17914
0.00608785 1.20195
0.00609785 1.20722
0.00610785 1.151
0.00611785 1.12694
0.00612785 1.25221
0.0061378 1.39959
0.0061478 1.49655
0.0061578 1.34851
0.0061678 1.27843
0.00617775 1.26256
0.00618775 1.27952
0.00619775 1.32215
0.00620775 1.25816
0.0062177 1.31454
0.0062277 1.52935
0.0062377 1.67042
0.0062477 1.63901
0.00625765 1.50789
0.00626765 1.27371
0.00627765 1.1659
0.00628765 1.02524
0.00629765 1.23173
0.0063076 0.758052
0.0063176 0.797881
0.0063276 0.80086
0.0063376 0.714944
0.00634755 0.729731
0.00635755 0.900338
0.00636755 1.06463
0.00637755 1.07712
0.0063875 0.935168
0.0063975 0.872736
0.0064075 0.855851
0.0064175 0.903019
0.0064275 0.981945
0.00643745 1.7279
0.00644745 1.41133
0.00645745 1.64217
0.00646745 1.58519
0.0064774 1.65344
0.0064874 1.83333
0.0064974 1.8555
0.0065074 1.87878
0.00651735 2.04179
0.00652735 2.18553
0.00653735 2.20247
0.00654735 2.28238
0.0065573 2.07269
0.0065673 1.60187
0.0065773 1.2536
0.0065873 1.34083
0.0065973 1.43433
0.00660725 1.57292
0.00661725 1.67401
0.00662725 1.80725
0.00663725 1.61274
0.0066472 1.37863
0.0066572 1.25742
0.0066672 1.32997
0.0066772 1.45598
0.00668715 1.47458
0.00669715 1.28296
0.00670715 1.02428
0.00671715 0.920459
0.00672715 0.915268
0.0067371 0.923746
0.0067471 0.938661
0.0067571 0.937401
0.0067671 0.912263
0.00677705 0.880092
0.00678705 0.822278
0.00679705 0.80868
0.00680705 0.777348
0.006817 0.749529
0.006827 0.714454
0.006837 0.675554
0.006847 0.64422
0.00685695 0.614522
0.00686695 0.583037
0.00687695 0.555929
0.00688695 0.5592
0.00689695 0.657105
0.0069069 0.736057
0.0069169 0.77167
0.0069269 0.777259
0.0069369 0.78263
0.00694685 0.836051
0.00695685 0.75746
0.00696685 0.727937
0.00697685 0.671427
0.0069868 0.61843
0.0069968 0.569006
0.0070068 0.525882
0.0070168 0.488435
0.00702675 0.455431
0.00703675 0.429705
0.00704675 0.406714
0.00705675 0.383847
0.00706675 0.3479
0.0070767 0.312453
0.0070867 0.290842
0.0070967 0.273517
0.0071067 0.261705
0.00711665 0.252681
0.00712665 0.244516
0.00713665 0.240162
0.00714665 0.235614
0.0071566 0.229825
0.0071666 0.225694
0.0071766 0.219156
0.0071866 0.21616
0.0071966 0.216021
0.00720655 0.216654
0.00721655 0.212488
0.00722655 0.21528
0.00723655 0.231635
0.0072465 0.220331
0.0072565 0.225524
0.0072665 0.232885
0.0072765 0.246707
0.00728645 0.252204
0.00729645 0.253116
0.00730645 0.263126
0.00731645 0.281624
0.0073264 0.358063
0.0073364 0.410638
0.0073464 0.461694
0.0073564 0.471261
0.0073664 0.459539
0.00737635 0.444371
0.00738635 0.425395
0.00739635 0.44404
0.00740635 0.452355
0.0074163 0.493723
0.0074263 0.33487
0.0074363 0.385655
0.0074463 0.451303
0.00745625 0.463533
0.00746625 0.465539
0.00747625 0.455831
0.00748625 0.441421
0.0074962 0.439541
0.0075062 0.458287
0.0075162 0.473722
0.0075262 0.490855
0.0075362 0.526262
0.00754615 0.576493
0.00755615 0.618777
0.00756615 0.779158
0.00757615 1.01596
0.0075861 0.977946
0.0075961 0.901253
0.0076061 0.89081
0.0076161 0.911243
0.00762605 0.88583
0.00763605 0.629655
0.00764605 0.567272
0.00765605 0.535058
0.00766605 0.50369
0.007676 0.494084
0.007686 0.504404
0.007696 0.505918
0.007706 0.516885
0.00771595 0.513598
0.00772595 0.591108
0.00773595 0.692074
0.00774595 1.0379
0.0077559 0.640131
0.0077659 0.623434
0.0077759 0.501273
0.0077859 0.494795
0.00779585 0.511035
0.00780585 0.564991
0.00781585 0.457955
0.00782585 0.24878
0.00783585 0.279615
0.0078458 0.237051
0.0078558 0.221367
0.0078658 0.220128
0.0078758 0.237257
0.00788575 0.250767
0.00789575 0.273098
0.00790575 0.256676
0.00791575 0.251578
0.0079257 0.253215
0.0079357 0.246376
0.0079457 0.253019
0.0079557 0.328141
0.0079657 0.27034
0.00797565 0.203506
0.00798565 0.181109
0.00799565 0.162153
0.00800565 0.153762
0.0080156 0.143367
0.0080256 0.137015
0.0080356 0.126838
0.0080456 0.113985
0.00805555 0.100919
0.00806555 0.0900726
0.00807555 0.0804879
0.00808555 0.0745395
0.0080955 0.0677614
0.0081055 0.0606285
0.0081155 0.0543996
0.0081255 0.0472657
0.0081355 0.03687
0.00814545 0.0266392
0.00815545 0.0167827
0.00816545 0.00935671
0.00817545 0.0103255
0.0081854 0.0119597
0.0081954 0.0147163
0.0082054 0.0185836
0.0082154 0.0256566
0.00822535 0.034915
0.00823535 0.0458554
0.00824535 0.061243
0.00825535 0.0733073
0.0082653 0.088227
0.0082753 0.101018
0.0082853 0.111182
0.0082953 0.120255
0.0083053 0.129129
0.00831525 0.136259
0.00832525 0.144086
0.00833525 0.152878
0.00834525 0.164651
0.0083552 0.177837
0.0083652 0.195561
0.0083752 0.219651
0.0083852 0.24476
0.00839515 0.257783
0.00840515 0.277157
0.00841515 0.265458
0.00842515 0.239177
0.00843515 0.220062
0.0084451 0.187783
0.0084551 0.156115
0.0084651 0.138417
0.0084751 0.126657
0.00848505 0.117325
0.00849505 0.109418
0.00850505 0.102207
0.00851505 0.094891
0.008525 0.0881765
0.008535 0.0823143
0.008545 0.0765219
0.008555 0.0713367
0.00856495 0.0669235
0.00857495 0.0630177
0.00858495 0.0582137
0.00859495 0.0530313
0.00860495 0.0485056
0.0086149 0.0444233
0.0086249 0.0407217
0.0086349 0.0336146
0.0086449 0.0326537
0.00865485 0.0800898
0.00866485 0.0664749
0.00867485 0.0789043
0.00868485 0.0933705
0.0086948 0.108799
0.0087048 0.123375
0.0087148 0.152206
0.0087248 0.152282
0.00873475 0.150721
0.00874475 0.146199
0.00875475 0.13848
0.00876475 0.133109
0.00877475 0.128315
0.0087847 0.121341
0.0087947 0.117848
0.0088047 0.114135
0.0088147 0.111036
0.00882465 0.108226
0.00883465 0.105913
0.00884465 0.104789
0.00885465 0.102292
0.0088646 0.0998702
0.0088746 0.0969857
0.0088846 0.0928124
0.0088946 0.0858072
0.0089046 0.0786799
0.00891455 0.0725619
0.00892455 0.0680737
0.00893455 0.0645815
0.00894455 0.0615323
0.0089545 0.0587104
0.0089645 0.0565602
0.0089745 0.0547379
0.0089845 0.0530462
0.00899445 0.051519
0.00900445 0.0500824
0.00901445 0.048778
0.00902445 0.0475723
0.0090344 0.046536
0.0090444 0.0457585
0.0090544 0.045047
0.0090644 0.0444015
0.0090744 0.0438168
0.00908435 0.0432803
0.00909435 0.0428628
0.00910435 0.0425491
0.00911435 0.0422564
0.0091243 0.0419884
0.0091343 0.0417409
0.0091443 0.0415535
0.0091543 0.041434
0.00916425 0.0413926
0.00917425 0.0413727
0.00918425 0.0413602
0.00919425 0.0413555
0.00920425 0.0413606
0.0092142 0.0413956
0.0092242 0.0413952
0.0092342 0.0415963
0.0092442 0.0417976
0.00925415 0.0419973
0.00926415 0.0421944
0.00927415 0.0423825
0.00928415 0.0425885
0.0092941 0.0428405
0.0093041 0.043114
0.0093141 0.043352
0.0093241 0.0435779
0.00933405 0.043801
0.00934405 0.0440079
0.00935405 0.0442026
0.00936405 0.044397
0.00937405 0.0446723
0.009384 0.0450499
0.009394 0.0453975
0.009404 0.045721
0.009414 0.0460587
0.00942395 0.0463519
0.00943395 0.0466356
0.00944395 0.0467167
0.00945395 0.0469188
0.0094639 0.0471357
0.0094739 0.0473348
0.0094839 0.0474993
0.0094939 0.0476224
0.00950385 0.0477678
0.00951385 0.0479138
0.00952385 0.04828
0.00953385 0.0485848
0.00954385 0.0488336
0.0095538 0.0491191
0.0095638 0.0490012
0.0095738 0.0487975
0.0095838 0.0486642
0.00959375 0.048669
0.00960375 0.0486829
0.00961375 0.0486653
0.00962375 0.0486155
0.0096337 0.0484462
0.0096437 0.0483793
0.0096537 0.0486745
0.0096637 0.0487965
0.0096737 0.0487756
0.00968365 0.0480455
0.00969365 0.0473576
0.00970365 0.0467684
0.00971365 0.0463412
0.0097236 0.0461672
0.0097336 0.0458987
0.0097436 0.0455181
0.0097536 0.045133
0.00976355 0.0450411
0.00977355 0.0448317
0.00978355 0.043591
0.00979355 0.0422388
0.0098035 0.0408884
0.0098135 0.0397437
0.0098235 0.0393711
0.0098335 0.0390008
0.0098435 0.0383146
0.00985345 0.0377441
0.00986345 0.0357297
0.00987345 0.0334629
0.00988345 0.0312505
0.0098934 0.0292653
0.0099034 0.0283731
0.0099134 0.0288371
0.0099234 0.0245838
0.00993335 0.0202166
0.00994335 0.0165887
0.00995335 0.0207717
0.00996335 0.00443999
0.00997335 0.000501785
0.0099833 0.0
