   85.19417629      0.2044789958E-02   3.461636076    
   135.6152194      0.1938050906E-02   3.568654494    
   186.0362625      0.1644140861E-02   3.789930247    
   236.4573056      0.8643794850E-03   4.156814733    
   286.8783487      0.2106781035E-09   4.294764689    
   337.2993918      0.8439858471E-10   4.294890300    
   387.7204350      0.6256642087E-10   4.294169397    
   438.1414781      0.5217101638E-10   4.294459962    
   488.5625212      0.4243239220E-10   4.294308857    
   538.9835643      0.3384208646E-10   4.293679393    
   589.4046074      0.2999384842E-10   4.295191996    
   639.8256505      0.2642150303E-10   4.293994327    
   690.2466936      0.2316399353E-10   4.295250305    
   740.6677367      0.2022723948E-10   4.293329650    
   791.0887798      0.1760942120E-10   4.294511916    
   841.5098229      0.1528864680E-10   4.295489415    
   891.9308661      0.1324582611E-10   4.292588393    
   942.3519092      0.1145919442E-10   4.293662360    
   992.7729523      0.9898373367E-11   4.294578018    
   1043.193995      0.8539384041E-11   4.295364975    
