 -0.7882517645E-01 -0.5716169697E-03   1.125964700    
 -0.7713001136E-01 -0.5697851109E-03   1.153621684    
 -0.7543484628E-01 -0.5677484024E-03   1.173634375    
 -0.7373968119E-01 -0.5655592134E-03   1.189003538    
 -0.7204451611E-01 -0.5632258259E-03   1.201595907    
 -0.7034935102E-01 -0.5607393018E-03   1.212499260    
 -0.6865418594E-01 -0.5580828378E-03   1.222370714    
 -0.6695902085E-01 -0.5552351596E-03   1.231625945    
 -0.6526385577E-01 -0.5521716361E-03   1.240540785    
 -0.6356869068E-01 -0.5488644289E-03   1.249307587    
 -0.6187352560E-01 -0.5452821938E-03   1.258067642    
 -0.6017836051E-01 -0.5413895342E-03   1.266930514    
 -0.5848319543E-01 -0.5371462784E-03   1.275986000    
 -0.5678803034E-01 -0.5325065936E-03   1.285311853    
 -0.5509286526E-01 -0.5274179219E-03   1.294978980    
 -0.5339770017E-01 -0.5218197063E-03   1.305055147    
 -0.5170253509E-01 -0.5156418612E-03   1.315607771    
 -0.5000737000E-01 -0.5088029299E-03   1.326706210    
 -0.4831220492E-01 -0.5012078541E-03   1.338423759    
 -0.4661703983E-01 -0.4927452651E-03   1.350839566    
 -0.4492187475E-01 -0.4832841802E-03   1.364040586    
 -0.4322670966E-01 -0.4726699632E-03   1.378123688    
 -0.4153154458E-01 -0.4607193702E-03   1.393198046    
 -0.3983637949E-01 -0.4472144597E-03   1.409387939    
 -0.3814121441E-01 -0.4318950944E-03   1.426836089    
 -0.3644604932E-01 -0.4144496976E-03   1.445707752    
 -0.3475088424E-01 -0.3945038572E-03   1.466195774    
 -0.3305571916E-01 -0.3716062871E-03   1.488526935    
 -0.3136055407E-01 -0.3452115773E-03   1.512969988    
 -0.2966538899E-01 -0.3146590945E-03   1.539845968    
 -0.2797022390E-01 -0.2791473742E-03   1.569541522    
 -0.2627505882E-01 -0.2377034222E-03   1.602526332    
 -0.2457989373E-01 -0.1891466286E-03   1.639376101    
 -0.2288472865E-01 -0.1320476814E-03   1.680803137    
 -0.2118956356E-01 -0.6468428381E-04   1.727697399    
 -0.1949439848E-01  0.1500176886E-04   1.781181903    
 -0.1779923339E-01  0.1094364815E-03   1.842687732    
 -0.1610406831E-01  0.2214156069E-03   1.914055229    
 -0.1440890322E-01  0.3540413984E-03   1.997668338    
 -0.1271373814E-01  0.5105306881E-03   2.096625429    
 -0.1101857305E-01  0.6937832386E-03   2.214933110    
 -0.9323407967E-02  0.9055217117E-03   2.357652511    
 -0.7628242882E-02  0.1144693175E-02   2.530749810    
 -0.5933077797E-02  0.1404643270E-02   2.739864983    
 -0.4237912712E-02  0.1668361953E-02   2.985652121    
 -0.2542747627E-02  0.1901302286E-02   3.249580819    
 -0.8475825424E-03  0.2044789958E-02   3.461636076    
  0.8475825424E-03  0.2044789958E-02   3.461636076    
  0.2542747627E-02  0.1901302286E-02   3.249580819    
  0.4237912712E-02  0.1668361953E-02   2.985652121    
  0.5933077797E-02  0.1404643270E-02   2.739864983    
  0.7628242882E-02  0.1144693175E-02   2.530749810    
  0.9323407967E-02  0.9055217117E-03   2.357652511    
  0.1101857305E-01  0.6937832386E-03   2.214933110    
  0.1271373814E-01  0.5105306881E-03   2.096625429    
  0.1440890322E-01  0.3540413984E-03   1.997668338    
  0.1610406831E-01  0.2214156069E-03   1.914055229    
  0.1779923339E-01  0.1094364815E-03   1.842687732    
  0.1949439848E-01  0.1500176886E-04   1.781181903    
  0.2118956356E-01 -0.6468428381E-04   1.727697399    
  0.2288472865E-01 -0.1320476814E-03   1.680803137    
  0.2457989373E-01 -0.1891466286E-03   1.639376101    
  0.2627505882E-01 -0.2377034222E-03   1.602526332    
  0.2797022390E-01 -0.2791473742E-03   1.569541522    
  0.2966538899E-01 -0.3146590945E-03   1.539845968    
  0.3136055407E-01 -0.3452115773E-03   1.512969988    
  0.3305571916E-01 -0.3716062871E-03   1.488526935    
  0.3475088424E-01 -0.3945038572E-03   1.466195774    
  0.3644604932E-01 -0.4144496976E-03   1.445707752    
  0.3814121441E-01 -0.4318950944E-03   1.426836089    
  0.3983637949E-01 -0.4472144597E-03   1.409387939    
  0.4153154458E-01 -0.4607193702E-03   1.393198046    
  0.4322670966E-01 -0.4726699632E-03   1.378123688    
  0.4492187475E-01 -0.4832841802E-03   1.364040586    
  0.4661703983E-01 -0.4927452651E-03   1.350839566    
  0.4831220492E-01 -0.5012078541E-03   1.338423759    
  0.5000737000E-01 -0.5088029299E-03   1.326706210    
  0.5170253509E-01 -0.5156418612E-03   1.315607771    
  0.5339770017E-01 -0.5218197063E-03   1.305055147    
  0.5509286526E-01 -0.5274179219E-03   1.294978980    
  0.5678803034E-01 -0.5325065936E-03   1.285311853    
  0.5848319543E-01 -0.5371462784E-03   1.275986000    
  0.6017836051E-01 -0.5413895342E-03   1.266930514    
  0.6187352560E-01 -0.5452821938E-03   1.258067642    
  0.6356869068E-01 -0.5488644289E-03   1.249307587    
  0.6526385577E-01 -0.5521716361E-03   1.240540785    
  0.6695902085E-01 -0.5552351596E-03   1.231625945    
  0.6865418594E-01 -0.5580828378E-03   1.222370714    
  0.7034935102E-01 -0.5607393018E-03   1.212499260    
  0.7204451611E-01 -0.5632258259E-03   1.201595907    
  0.7373968119E-01 -0.5655592134E-03   1.189003538    
  0.7543484628E-01 -0.5677484024E-03   1.173634375    
  0.7713001136E-01 -0.5697851109E-03   1.153621684    
  0.7882517645E-01 -0.5716169697E-03   1.125964700    
  0.8052034153E-01 -0.5730958303E-03   1.088698071    
 
 -0.7960356858E-01 -0.5673533831E-03   1.136585381    
 -0.7690514252E-01 -0.5644458451E-03   1.172145903    
 -0.7420671647E-01 -0.5611702699E-03   1.195220169    
 -0.7150829042E-01 -0.5575564665E-03   1.212747873    
 -0.6880986436E-01 -0.5535512112E-03   1.227743672    
 -0.6611143831E-01 -0.5490731751E-03   1.241656007    
 -0.6341301226E-01 -0.5440222991E-03   1.255271639    
 -0.6071458620E-01 -0.5382780430E-03   1.269077511    
 -0.5801616015E-01 -0.5316938035E-03   1.283419556    
 -0.5531773410E-01 -0.5240888786E-03   1.298579616    
 -0.5261930804E-01 -0.5152377412E-03   1.314817247    
 -0.4992088199E-01 -0.5048557403E-03   1.332396020    
 -0.4722245594E-01 -0.4925798477E-03   1.351603410    
 -0.4452402988E-01 -0.4779424665E-03   1.372769115    
 -0.4182560383E-01 -0.4603354821E-03   1.396284996    
 -0.3912717778E-01 -0.4389605570E-03   1.422629485    
 -0.3642875172E-01 -0.4127600240E-03   1.452399707    
 -0.3373032567E-01 -0.3803205011E-03   1.486355808    
 -0.3103189961E-01 -0.3397385201E-03   1.525484213    
 -0.2833347356E-01 -0.2884343497E-03   1.571090490    
 -0.2563504751E-01 -0.2228981303E-03   1.624939251    
 -0.2293662145E-01 -0.1383553725E-03   1.689470391    
 -0.2023819540E-01 -0.2835740060E-04   1.768141616    
 -0.1753976935E-01  0.1156366449E-03   1.865982886    
 -0.1484134329E-01  0.3044500298E-03   1.990504985    
 -0.1214291724E-01  0.5504795817E-03   2.153167587    
 -0.9444491187E-02  0.8643603191E-03   2.371525046    
 -0.6746065134E-02  0.1244841973E-02   2.670951897    
 -0.4047639080E-02  0.1652260988E-02   3.077138979    
 -0.1349213027E-02  0.1938050906E-02   3.568654494    
  0.1349213027E-02  0.1938050906E-02   3.568654494    
  0.4047639080E-02  0.1652260988E-02   3.077138979    
  0.6746065134E-02  0.1244841973E-02   2.670951897    
  0.9444491187E-02  0.8643603191E-03   2.371525046    
  0.1214291724E-01  0.5504795817E-03   2.153167587    
  0.1484134329E-01  0.3044500298E-03   1.990504985    
  0.1753976935E-01  0.1156366449E-03   1.865982886    
  0.2023819540E-01 -0.2835740060E-04   1.768141616    
  0.2293662145E-01 -0.1383553725E-03   1.689470391    
  0.2563504751E-01 -0.2228981303E-03   1.624939251    
  0.2833347356E-01 -0.2884343497E-03   1.571090490    
  0.3103189961E-01 -0.3397385201E-03   1.525484213    
  0.3373032567E-01 -0.3803205011E-03   1.486355808    
  0.3642875172E-01 -0.4127600240E-03   1.452399707    
  0.3912717778E-01 -0.4389605570E-03   1.422629485    
  0.4182560383E-01 -0.4603354821E-03   1.396284996    
  0.4452402988E-01 -0.4779424665E-03   1.372769115    
  0.4722245594E-01 -0.4925798477E-03   1.351603410    
  0.4992088199E-01 -0.5048557403E-03   1.332396020    
  0.5261930804E-01 -0.5152377412E-03   1.314817247    
  0.5531773410E-01 -0.5240888786E-03   1.298579616    
  0.5801616015E-01 -0.5316938035E-03   1.283419556    
  0.6071458620E-01 -0.5382780430E-03   1.269077511    
  0.6341301226E-01 -0.5440222991E-03   1.255271639    
  0.6611143831E-01 -0.5490731751E-03   1.241656007    
  0.6880986436E-01 -0.5535512112E-03   1.227743672    
  0.7150829042E-01 -0.5575564665E-03   1.212747873    
  0.7420671647E-01 -0.5611702699E-03   1.195220169    
  0.7690514252E-01 -0.5644458451E-03   1.172145903    
  0.7960356858E-01 -0.5673533831E-03   1.136585381    
  0.8230199463E-01 -0.5695286578E-03   1.078191488    
 
 -0.7958627097E-01 -0.5156018476E-03   1.149268809    
 -0.7588458395E-01 -0.5118802904E-03   1.189878590    
 -0.7218289693E-01 -0.5075994430E-03   1.215350470    
 -0.6848120991E-01 -0.5026797699E-03   1.235727704    
 -0.6477952289E-01 -0.4969331781E-03   1.254591142    
 -0.6107783586E-01 -0.4901118843E-03   1.273554076    
 -0.5737614884E-01 -0.4818938954E-03   1.293555460    
 -0.5367446182E-01 -0.4718506713E-03   1.315304570    
 -0.4997277480E-01 -0.4593985815E-03   1.339470608    
 -0.4627108778E-01 -0.4437265216E-03   1.366791261    
 -0.4256940075E-01 -0.4236859322E-03   1.398162671    
 -0.3886771373E-01 -0.3976208525E-03   1.434742494    
 -0.3516602671E-01 -0.3631019631E-03   1.478093547    
 -0.3146433969E-01 -0.3165074179E-03   1.530406171    
 -0.2776265267E-01 -0.2523637184E-03   1.594865790    
 -0.2406096564E-01 -0.1623304493E-03   1.676294177    
 -0.2035927862E-01 -0.3373096240E-04   1.782329373    
 -0.1665759160E-01  0.1522118006E-03   1.925719508    
 -0.1295590458E-01  0.4210863742E-03   2.129023314    
 -0.9254217555E-02  0.7990747616E-03   2.434554331    
 -0.5552530533E-02  0.1277564410E-02   2.924390159    
 -0.1850843511E-02  0.1644140861E-02   3.789930247    
  0.1850843511E-02  0.1644140861E-02   3.789930247    
  0.5552530533E-02  0.1277564410E-02   2.924390159    
  0.9254217555E-02  0.7990747616E-03   2.434554331    
  0.1295590458E-01  0.4210863742E-03   2.129023314    
  0.1665759160E-01  0.1522118006E-03   1.925719508    
  0.2035927862E-01 -0.3373096240E-04   1.782329373    
  0.2406096564E-01 -0.1623304493E-03   1.676294177    
  0.2776265267E-01 -0.2523637184E-03   1.594865790    
  0.3146433969E-01 -0.3165074179E-03   1.530406171    
  0.3516602671E-01 -0.3631019631E-03   1.478093547    
  0.3886771373E-01 -0.3976208525E-03   1.434742494    
  0.4256940075E-01 -0.4236859322E-03   1.398162671    
  0.4627108778E-01 -0.4437265216E-03   1.366791261    
  0.4997277480E-01 -0.4593985815E-03   1.339470608    
  0.5367446182E-01 -0.4718506713E-03   1.315304570    
  0.5737614884E-01 -0.4818938954E-03   1.293555460    
  0.6107783586E-01 -0.4901118843E-03   1.273554076    
  0.6477952289E-01 -0.4969331781E-03   1.254591142    
  0.6848120991E-01 -0.5026797699E-03   1.235727704    
  0.7218289693E-01 -0.5075994430E-03   1.215350470    
  0.7588458395E-01 -0.5118802904E-03   1.189878590    
  0.7958627097E-01 -0.5156018476E-03   1.149268809    
  0.8328795800E-01 -0.5182407017E-03   1.069544754    
 
 -0.7763164185E-01 -0.3066498888E-03   1.166807814    
 -0.7292669386E-01 -0.3036231788E-03   1.212365011    
 -0.6822174586E-01 -0.3000134997E-03   1.241699388    
 -0.6351679787E-01 -0.2956239995E-03   1.267258985    
 -0.5881184988E-01 -0.2901401615E-03   1.293080239    
 -0.5410690189E-01 -0.2831182952E-03   1.321171473    
 -0.4940195390E-01 -0.2739095764E-03   1.353072570    
 -0.4469700591E-01 -0.2615308911E-03   1.390416693    
 -0.3999205792E-01 -0.2444452894E-03   1.435289914    
 -0.3528710993E-01 -0.2201788608E-03   1.490645755    
 -0.3058216194E-01 -0.1846406437E-03   1.560970929    
 -0.2587721395E-01 -0.1309151919E-03   1.653533529    
 -0.2117226596E-01 -0.4719937987E-04   1.780984105    
 -0.1646731797E-01  0.8620977109E-04   1.967406410    
 -0.1176236998E-01  0.2984526523E-03   2.264514746    
 -0.7057421986E-02  0.6101156683E-03   2.805512877    
 -0.2352473995E-02  0.8643794850E-03   4.156814733    
  0.2352473995E-02  0.8643794850E-03   4.156814733    
  0.7057421986E-02  0.6101156683E-03   2.805512877    
  0.1176236998E-01  0.2984526523E-03   2.264514746    
  0.1646731797E-01  0.8620977109E-04   1.967406410    
  0.2117226596E-01 -0.4719937987E-04   1.780984105    
  0.2587721395E-01 -0.1309151919E-03   1.653533529    
  0.3058216194E-01 -0.1846406437E-03   1.560970929    
  0.3528710993E-01 -0.2201788608E-03   1.490645755    
  0.3999205792E-01 -0.2444452894E-03   1.435289914    
  0.4469700591E-01 -0.2615308911E-03   1.390416693    
  0.4940195390E-01 -0.2739095764E-03   1.353072570    
  0.5410690189E-01 -0.2831182952E-03   1.321171473    
  0.5881184988E-01 -0.2901401615E-03   1.293080239    
  0.6351679787E-01 -0.2956239995E-03   1.267258985    
  0.6822174586E-01 -0.3000134997E-03   1.241699388    
  0.7292669386E-01 -0.3036231788E-03   1.212365011    
  0.7763164185E-01 -0.3066498888E-03   1.166807814    
  0.8233658984E-01 -0.3086981228E-03   1.063315640    
 
 -0.7706082095E-01 -0.7706146567E-10   1.182960870    
 -0.7135261199E-01 -0.7624312830E-10   1.232171336    
 -0.6564440303E-01 -0.7512048472E-10   1.265715953    
 -0.5993619407E-01 -0.7362164981E-10   1.297596296    
 -0.5422798511E-01 -0.7157248868E-10   1.332390182    
 -0.4851977615E-01 -0.6868268044E-10   1.373011799    
 -0.4281156719E-01 -0.6446320262E-10   1.422566211    
 -0.3710335824E-01 -0.5805998490E-10   1.485373372    
 -0.3139514928E-01 -0.4792436165E-10   1.568312315    
 -0.2568694032E-01 -0.3115982250E-10   1.683482918    
 -0.1997873136E-01 -0.2297759873E-11   1.854596063    
 -0.1427052240E-01  0.4838972297E-10   2.135417357    
 -0.8562313439E-02  0.1325009575E-09   2.680122770    
 -0.2854104480E-02  0.2106781035E-09   4.294764689    
  0.2854104480E-02  0.2106781035E-09   4.294764689    
  0.8562313439E-02  0.1325009575E-09   2.680122770    
  0.1427052240E-01  0.4838972297E-10   2.135417357    
  0.1997873136E-01 -0.2297759873E-11   1.854596063    
  0.2568694032E-01 -0.3115982250E-10   1.683482918    
  0.3139514928E-01 -0.4792436165E-10   1.568312315    
  0.3710335824E-01 -0.5805998490E-10   1.485373372    
  0.4281156719E-01 -0.6446320262E-10   1.422566211    
  0.4851977615E-01 -0.6868268044E-10   1.373011799    
  0.5422798511E-01 -0.7157248868E-10   1.332390182    
  0.5993619407E-01 -0.7362164981E-10   1.297596296    
  0.6564440303E-01 -0.7512048472E-10   1.265715953    
  0.7135261199E-01 -0.7624312830E-10   1.232171336    
  0.7706082095E-01 -0.7706146567E-10   1.182960870    
  0.8276902991E-01 -0.7722922305E-10   1.056941981    
 
 -0.7718190417E-01 -0.3258267825E-10   1.198448251    
 -0.7047043424E-01 -0.3227806888E-10   1.250800756    
 -0.6375896431E-01 -0.3176851792E-10   1.289217397    
 -0.5704749439E-01 -0.3100845873E-10   1.328794142    
 -0.5033602446E-01 -0.2985180915E-10   1.375079738    
 -0.4362455453E-01 -0.2801954162E-10   1.432912156    
 -0.3691308460E-01 -0.2497226005E-10   1.509059117    
 -0.3020161468E-01 -0.1962187326E-10   1.615150026    
 -0.2349014475E-01 -0.9701654941E-11   1.774171998    
 -0.1677867482E-01  0.9419467386E-11   2.039610819    
 -0.1006720489E-01  0.4506793139E-10   2.572465174    
 -0.3355734964E-02  0.8439858471E-10   4.294890300    
  0.3355734964E-02  0.8439858471E-10   4.294890300    
  0.1006720489E-01  0.4506793139E-10   2.572465174    
  0.1677867482E-01  0.9419467386E-11   2.039610819    
  0.2349014475E-01 -0.9701654941E-11   1.774171998    
  0.3020161468E-01 -0.1962187326E-10   1.615150026    
  0.3691308460E-01 -0.2497226005E-10   1.509059117    
  0.4362455453E-01 -0.2801954162E-10   1.432912156    
  0.5033602446E-01 -0.2985180915E-10   1.375079738    
  0.5704749439E-01 -0.3100845873E-10   1.328794142    
  0.6375896431E-01 -0.3176851792E-10   1.289217397    
  0.7047043424E-01 -0.3227806888E-10   1.250800756    
  0.7718190417E-01 -0.3258267825E-10   1.198448251    
  0.8389337410E-01 -0.3232876770E-10   1.051018566    
 
 -0.7328994352E-01 -0.2481764768E-10   1.225972737    
 -0.6557521262E-01 -0.2443551973E-10   1.286455855    
 -0.5786048172E-01 -0.2376490228E-10   1.336022055    
 -0.5014575083E-01 -0.2265879165E-10   1.392336047    
 -0.4243101993E-01 -0.2076158096E-10   1.464442964    
 -0.3471628903E-01 -0.1731965830E-10   1.564243437    
 -0.2700155814E-01 -0.1068462932E-10   1.714287900    
 -0.1928682724E-01  0.2755483104E-11   1.967548148    
 -0.1157209634E-01  0.2956193282E-10   2.489019819    
 -0.3857365448E-02  0.6256642087E-10   4.294169397    
  0.3857365448E-02  0.6256642087E-10   4.294169397    
  0.1157209634E-01  0.2956193282E-10   2.489019819    
  0.1928682724E-01  0.2755483104E-11   1.967548148    
  0.2700155814E-01 -0.1068462932E-10   1.714287900    
  0.3471628903E-01 -0.1731965830E-10   1.564243437    
  0.4243101993E-01 -0.2076158096E-10   1.464442964    
  0.5014575083E-01 -0.2265879165E-10   1.392336047    
  0.5786048172E-01 -0.2376490228E-10   1.336022055    
  0.6557521262E-01 -0.2443551973E-10   1.286455855    
  0.7328994352E-01 -0.2481764768E-10   1.225972737    
  0.8100467441E-01 -0.2458813544E-10   1.047899835    
 
 -0.7410293085E-01 -0.2108219490E-10   1.241388253    
 -0.6538493899E-01 -0.2066078847E-10   1.305567546    
 -0.5666694712E-01 -0.1989014419E-10   1.362687752    
 -0.4794895526E-01 -0.1852369641E-10   1.432132738    
 -0.3923096339E-01 -0.1597581407E-10   1.527186634    
 -0.3051297153E-01 -0.1091206862E-10   1.670244541    
 -0.2179497966E-01 -0.2563409139E-12   1.913721034    
 -0.1307698780E-01  0.2212527799E-10   2.424946489    
 -0.4358995933E-02  0.5217101638E-10   4.294459962    
  0.4358995933E-02  0.5217101638E-10   4.294459962    
  0.1307698780E-01  0.2212527799E-10   2.424946489    
  0.2179497966E-01 -0.2563409139E-12   1.913721034    
  0.3051297153E-01 -0.1091206862E-10   1.670244541    
  0.3923096339E-01 -0.1597581407E-10   1.527186634    
  0.4794895526E-01 -0.1852369641E-10   1.432132738    
  0.5666694712E-01 -0.1989014419E-10   1.362687752    
  0.6538493899E-01 -0.2066078847E-10   1.305567546    
  0.7410293085E-01 -0.2108219490E-10   1.241388253    
  0.8282092272E-01 -0.2094622991E-10   1.042921417    
 
 -0.7290939625E-01 -0.1746709110E-10   1.263889160    
 -0.6318814342E-01 -0.1701167107E-10   1.335471467    
 -0.5346689059E-01 -0.1611051126E-10   1.405608529    
 -0.4374563775E-01 -0.1435153568E-10   1.497849175    
 -0.3402438492E-01 -0.1070206001E-10   1.635776987    
 -0.2430313208E-01 -0.2625928397E-11   1.871562285    
 -0.1458187925E-01  0.1548378835E-10   2.373983790    
 -0.4860626417E-02  0.4243239220E-10   4.294308857    
  0.4860626417E-02  0.4243239220E-10   4.294308857    
  0.1458187925E-01  0.1548378835E-10   2.373983790    
  0.2430313208E-01 -0.2625928397E-11   1.871562285    
  0.3402438492E-01 -0.1070206001E-10   1.635776987    
  0.4374563775E-01 -0.1435153568E-10   1.497849175    
  0.5346689059E-01 -0.1611051126E-10   1.405608529    
  0.6318814342E-01 -0.1701167107E-10   1.335471467    
  0.7290939625E-01 -0.1746709110E-10   1.263889160    
  0.8263064909E-01 -0.1729022500E-10   1.039441657    
 
 -0.6970933971E-01 -0.1408823907E-10   1.295675023    
 -0.5898482591E-01 -0.1356482806E-10   1.380302065    
 -0.4826031211E-01 -0.1242441838E-10   1.473025578    
 -0.3753579831E-01 -0.9917915458E-11   1.607728682    
 -0.2681128451E-01 -0.4028905996E-11   1.837638385    
 -0.1608677070E-01  0.1019359569E-10   2.332690936    
 -0.5362256901E-02  0.3384208646E-10   4.293679393    
  0.5362256901E-02  0.3384208646E-10   4.293679393    
  0.1608677070E-01  0.1019359569E-10   2.332690936    
  0.2681128451E-01 -0.4028905996E-11   1.837638385    
  0.3753579831E-01 -0.9917915458E-11   1.607728682    
  0.4826031211E-01 -0.1242441838E-10   1.473025578    
  0.5898482591E-01 -0.1356482806E-10   1.380302065    
  0.6970933971E-01 -0.1408823907E-10   1.295675023    
  0.8043385352E-01 -0.1389162430E-10   1.037136420    
 
 -0.7623053601E-01 -0.1271809897E-10   1.289734686    
 -0.6450276124E-01 -0.1232399272E-10   1.369143020    
 -0.5277498647E-01 -0.1142769955E-10   1.458140659    
 -0.4104721170E-01 -0.9397191299E-11   1.588674399    
 -0.2931943693E-01 -0.4465166131E-11   1.813053371    
 -0.1759166216E-01  0.7954355076E-11   2.301475612    
 -0.5863887385E-02  0.2999384842E-10   4.295191996    
  0.5863887385E-02  0.2999384842E-10   4.295191996    
  0.1759166216E-01  0.7954355076E-11   2.301475612    
  0.2931943693E-01 -0.4465166131E-11   1.813053371    
  0.4104721170E-01 -0.9397191299E-11   1.588674399    
  0.5277498647E-01 -0.1142769955E-10   1.458140659    
  0.6450276124E-01 -0.1232399272E-10   1.369143020    
  0.7623053601E-01 -0.1271809897E-10   1.289734686    
  0.8795831078E-01 -0.1237887396E-10   1.031811858    
 
 -0.7002069657E-01 -0.1108815911E-10   1.335507603    
 -0.5728966083E-01 -0.1043028791E-10   1.437795564    
 -0.4455862509E-01 -0.8828985098E-11   1.568662634    
 -0.3182758935E-01 -0.4770356044E-11   1.789871416    
 -0.1909655361E-01  0.5955192556E-11   2.273277329    
 -0.6365517870E-02  0.2642150303E-10   4.293994327    
  0.6365517870E-02  0.2642150303E-10   4.293994327    
  0.1909655361E-01  0.5955192556E-11   2.273277329    
  0.3182758935E-01 -0.4770356044E-11   1.789871416    
  0.4455862509E-01 -0.8828985098E-11   1.568662634    
  0.5728966083E-01 -0.1043028791E-10   1.437795564    
  0.7002069657E-01 -0.1108815911E-10   1.335507603    
  0.8275173231E-01 -0.1108277138E-10   1.031023398    
 
 -0.7553863189E-01 -0.9938194843E-11   1.331067348    
 -0.6180433519E-01 -0.9456074860E-11   1.429035739    
 -0.4807003848E-01 -0.8215132609E-11   1.556640271    
 -0.3433574177E-01 -0.4923263045E-11   1.773902470    
 -0.2060144506E-01  0.4248568315E-11   2.252457834    
 -0.6867148354E-02  0.2316399353E-10   4.295250305    
  0.6867148354E-02  0.2316399353E-10   4.295250305    
  0.2060144506E-01  0.4248568315E-11   2.252457834    
  0.3433574177E-01 -0.4923263045E-11   1.773902470    
  0.4807003848E-01 -0.8215132609E-11   1.556640271    
  0.6180433519E-01 -0.9456074860E-11   1.429035739    
  0.7553863189E-01 -0.9938194843E-11   1.331067348    
  0.8927292860E-01 -0.9688073142E-11   1.027097373    
 
 -0.6631900954E-01 -0.8468199536E-11   1.398502738    
 -0.5158145187E-01 -0.7546544726E-11   1.538749703    
 -0.3684389419E-01 -0.4919289762E-11   1.756092414    
 -0.2210633651E-01  0.2846767838E-11   2.231699501    
 -0.7368778838E-02  0.2022723948E-10   4.293329650    
  0.7368778838E-02  0.2022723948E-10   4.293329650    
  0.2210633651E-01  0.2846767838E-11   2.231699501    
  0.3684389419E-01 -0.4919289762E-11   1.756092414    
  0.5158145187E-01 -0.7546544726E-11   1.538749703    
  0.6631900954E-01 -0.8468199536E-11   1.398502738    
  0.8105656722E-01 -0.8513228141E-11   1.027309720    
 
 -0.7083368390E-01 -0.7549822889E-11   1.394958573    
 -0.5509286526E-01 -0.6867901520E-11   1.531335316    
 -0.3935204661E-01 -0.4794571740E-11   1.745511338    
 -0.2361122797E-01  0.1727145709E-11   2.217442121    
 -0.7870409323E-02  0.1760942120E-10   4.294511916    
  0.7870409323E-02  0.1760942120E-10   4.294511916    
  0.2361122797E-01  0.1727145709E-11   2.217442121    
  0.3935204661E-01 -0.4794571740E-11   1.745511338    
  0.5509286526E-01 -0.6867901520E-11   1.531335316    
  0.7083368390E-01 -0.7549822889E-11   1.394958573    
  0.8657450255E-01 -0.7336591839E-11   1.024222087    
 
 -0.7534835826E-01 -0.6679409652E-11   1.391967777    
 -0.5860427865E-01 -0.6187415427E-11   1.525056622    
 -0.4186019903E-01 -0.4572966026E-11   1.736549920    
 -0.2511611942E-01  0.8579977508E-12   2.205322689    
 -0.8372039807E-02  0.1528864680E-10   4.295489415    
  0.8372039807E-02  0.1528864680E-10   4.295489415    
  0.2511611942E-01  0.8579977508E-12   2.205322689    
  0.4186019903E-01 -0.4572966026E-11   1.736549920    
  0.5860427865E-01 -0.6187415427E-11   1.525056622    
  0.7534835826E-01 -0.6679409652E-11   1.391967777    
  0.9209243788E-01 -0.6328699332E-11   1.021619727    
 
 -0.6211569204E-01 -0.5506205706E-11   1.498389761    
 -0.4436835146E-01 -0.4278081123E-11   1.721440344    
 -0.2662101087E-01  0.2069548019E-12   2.190373384    
 -0.8873670291E-02  0.1324582611E-10   4.292588393    
  0.8873670291E-02  0.1324582611E-10   4.292588393    
  0.2662101087E-01  0.2069548019E-12   2.190373384    
  0.4436835146E-01 -0.4278081123E-11   1.721440344    
  0.6211569204E-01 -0.5506205706E-11   1.498389761    
  0.7986303262E-01 -0.5577081703E-11   1.022656230    
 
 -0.6562710543E-01 -0.4881642928E-11   1.495822156    
 -0.4687650388E-01 -0.3950468224E-11   1.715624458    
 -0.2812590233E-01 -0.2684418948E-12   2.181901670    
 -0.9375300776E-02  0.1145919442E-10   4.293662360    
  0.9375300776E-02  0.1145919442E-10   4.293662360    
  0.2812590233E-01 -0.2684418948E-12   2.181901670    
  0.4687650388E-01 -0.3950468224E-11   1.715624458    
  0.6562710543E-01 -0.4881642928E-11   1.495822156    
  0.8437770698E-01 -0.4716671569E-11   1.020450651    
 
 -0.6913851882E-01 -0.4299421666E-11   1.493603020    
 -0.4938465630E-01 -0.3603531464E-11   1.710585460    
 -0.2963079378E-01 -0.6014703853E-12   2.174548996    
 -0.9876931260E-02  0.9898373367E-11   4.294578018    
  0.9876931260E-02  0.9898373367E-11   4.294578018    
  0.2963079378E-01 -0.6014703853E-12   2.174548996    
  0.4938465630E-01 -0.3603531464E-11   1.710585460    
  0.6913851882E-01 -0.4299421666E-11   1.493603020    
  0.8889238134E-01 -0.4013711128E-11   1.018546822    
 
 -0.7264993221E-01 -0.3765484148E-11   1.491673085    
 -0.5189280872E-01 -0.3253593046E-11   1.706193816    
 -0.3113568523E-01 -0.8218198405E-12   2.168131439    
 -0.1037856174E-01  0.8539384041E-11   4.295364975    
  0.1037856174E-01  0.8539384041E-11   4.295364975    
  0.3113568523E-01 -0.8218198405E-12   2.168131439    
  0.5189280872E-01 -0.3253593046E-11   1.706193816    
  0.7264993221E-01 -0.3765484148E-11   1.491673085    
  0.9340705570E-01 -0.3425037919E-11   1.016892905    
 
